[handleMsg]:  {
  key: {
    remoteJid: '5491156676597@s.whatsapp.net',
    fromMe: false,
    id: '9E5D69D9495223617FBC12C21224EB8C',
    participant: undefined
  },
  messageTimestamp: 1686077382,
  pushName: 'Dante Pufahl',
  message: Message {
    conversation: 'H',
    messageContextInfo: MessageContextInfo {
      deviceListMetadata: [DeviceListMetadata],
      deviceListMetadataVersion: 2
    }
  },
  body: 'H',
  from: '5491156676597'
}
[handleMsg]:  {
  key: {
    remoteJid: '5491156676597@s.whatsapp.net',
    fromMe: false,
    id: 'FA04642EE7A30E93985BF75576D47040',
    participant: undefined
  },
  messageTimestamp: 1686077387,
  pushName: 'Dante Pufahl',
  message: Message {
    conversation: 'Menu',
    messageContextInfo: MessageContextInfo {
      deviceListMetadata: [DeviceListMetadata],
      deviceListMetadataVersion: 2
    }
  },
  body: 'Menu',
  from: '5491156676597'
}
